Performing C SOURCE FILE Test CMAKE_HAVE_LIBC_PTHREAD failed with the following output:
Change Dir: /home/joshua/weldingrobot/build/CMakeFiles/CMakeTmp

Run Build Command(s):/usr/bin/make cmTC_46bb4/fast && /usr/bin/make -f CMakeFiles/cmTC_46bb4.dir/build.make CMakeFiles/cmTC_46bb4.dir/build
make[1]: Entering directory '/home/joshua/weldingrobot/build/CMakeFiles/CMakeTmp'
Building C object CMakeFiles/cmTC_46bb4.dir/src.c.o
/usr/bin/cc   -DCMAKE_HAVE_LIBC_PTHREAD   -o CMakeFiles/cmTC_46bb4.dir/src.c.o   -c /home/joshua/weldingrobot/build/CMakeFiles/CMakeTmp/src.c
Linking C executable cmTC_46bb4
/usr/bin/cmake -E cmake_link_script CMakeFiles/cmTC_46bb4.dir/link.txt --verbose=1
/usr/bin/cc  -DCMAKE_HAVE_LIBC_PTHREAD    -rdynamic CMakeFiles/cmTC_46bb4.dir/src.c.o  -o cmTC_46bb4 
/usr/bin/ld: CMakeFiles/cmTC_46bb4.dir/src.c.o: in function `main':
src.c:(.text+0x46): undefined reference to `pthread_create'
/usr/bin/ld: src.c:(.text+0x52): undefined reference to `pthread_detach'
/usr/bin/ld: src.c:(.text+0x63): undefined reference to `pthread_join'
collect2: error: ld returned 1 exit status
make[1]: *** [CMakeFiles/cmTC_46bb4.dir/build.make:87: cmTC_46bb4] Error 1
make[1]: Leaving directory '/home/joshua/weldingrobot/build/CMakeFiles/CMakeTmp'
make: *** [Makefile:121: cmTC_46bb4/fast] Error 2


Source file was:
#include <pthread.h>

void* test_func(void* data)
{
  return data;
}

int main(void)
{
  pthread_t thread;
  pthread_create(&thread, NULL, test_func, NULL);
  pthread_detach(thread);
  pthread_join(thread, NULL);
  pthread_atfork(NULL, NULL, NULL);
  pthread_exit(NULL);

  return 0;
}

Determining if the function pthread_create exists in the pthreads failed with the following output:
Change Dir: /home/joshua/weldingrobot/build/CMakeFiles/CMakeTmp

Run Build Command(s):/usr/bin/make cmTC_135fa/fast && /usr/bin/make -f CMakeFiles/cmTC_135fa.dir/build.make CMakeFiles/cmTC_135fa.dir/build
make[1]: Entering directory '/home/joshua/weldingrobot/build/CMakeFiles/CMakeTmp'
Building C object CMakeFiles/cmTC_135fa.dir/CheckFunctionExists.c.o
/usr/bin/cc   -DCHECK_FUNCTION_EXISTS=pthread_create   -o CMakeFiles/cmTC_135fa.dir/CheckFunctionExists.c.o   -c /usr/share/cmake-3.16/Modules/CheckFunctionExists.c
Linking C executable cmTC_135fa
/usr/bin/cmake -E cmake_link_script CMakeFiles/cmTC_135fa.dir/link.txt --verbose=1
/usr/bin/cc  -DCHECK_FUNCTION_EXISTS=pthread_create    -rdynamic CMakeFiles/cmTC_135fa.dir/CheckFunctionExists.c.o  -o cmTC_135fa  -lpthreads 
/usr/bin/ld: cannot find -lpthreads
collect2: error: ld returned 1 exit status
make[1]: *** [CMakeFiles/cmTC_135fa.dir/build.make:87: cmTC_135fa] Error 1
make[1]: Leaving directory '/home/joshua/weldingrobot/build/CMakeFiles/CMakeTmp'
make: *** [Makefile:121: cmTC_135fa/fast] Error 2



Performing C SOURCE FILE Test CMAKE_HAVE_LIBC_PTHREAD failed with the following output:
Change Dir: /home/joshua/weldingrobot/build/CMakeFiles/CMakeTmp

Run Build Command(s):/usr/bin/make cmTC_f60e8/fast && /usr/bin/make -f CMakeFiles/cmTC_f60e8.dir/build.make CMakeFiles/cmTC_f60e8.dir/build
make[1]: Entering directory '/home/joshua/weldingrobot/build/CMakeFiles/CMakeTmp'
Building C object CMakeFiles/cmTC_f60e8.dir/src.c.o
/usr/bin/cc   -DCMAKE_HAVE_LIBC_PTHREAD   -o CMakeFiles/cmTC_f60e8.dir/src.c.o   -c /home/joshua/weldingrobot/build/CMakeFiles/CMakeTmp/src.c
Linking C executable cmTC_f60e8
/usr/bin/cmake -E cmake_link_script CMakeFiles/cmTC_f60e8.dir/link.txt --verbose=1
/usr/bin/cc  -DCMAKE_HAVE_LIBC_PTHREAD    -rdynamic CMakeFiles/cmTC_f60e8.dir/src.c.o  -o cmTC_f60e8 
/usr/bin/ld: CMakeFiles/cmTC_f60e8.dir/src.c.o: in function `main':
src.c:(.text+0x46): undefined reference to `pthread_create'
/usr/bin/ld: src.c:(.text+0x52): undefined reference to `pthread_detach'
/usr/bin/ld: src.c:(.text+0x63): undefined reference to `pthread_join'
collect2: error: ld returned 1 exit status
make[1]: *** [CMakeFiles/cmTC_f60e8.dir/build.make:87: cmTC_f60e8] Error 1
make[1]: Leaving directory '/home/joshua/weldingrobot/build/CMakeFiles/CMakeTmp'
make: *** [Makefile:121: cmTC_f60e8/fast] Error 2


Source file was:
#include <pthread.h>

void* test_func(void* data)
{
  return data;
}

int main(void)
{
  pthread_t thread;
  pthread_create(&thread, NULL, test_func, NULL);
  pthread_detach(thread);
  pthread_join(thread, NULL);
  pthread_atfork(NULL, NULL, NULL);
  pthread_exit(NULL);

  return 0;
}

Determining if the function pthread_create exists in the pthreads failed with the following output:
Change Dir: /home/joshua/weldingrobot/build/CMakeFiles/CMakeTmp

Run Build Command(s):/usr/bin/make cmTC_088df/fast && /usr/bin/make -f CMakeFiles/cmTC_088df.dir/build.make CMakeFiles/cmTC_088df.dir/build
make[1]: Entering directory '/home/joshua/weldingrobot/build/CMakeFiles/CMakeTmp'
Building C object CMakeFiles/cmTC_088df.dir/CheckFunctionExists.c.o
/usr/bin/cc   -DCHECK_FUNCTION_EXISTS=pthread_create   -o CMakeFiles/cmTC_088df.dir/CheckFunctionExists.c.o   -c /usr/share/cmake-3.16/Modules/CheckFunctionExists.c
Linking C executable cmTC_088df
/usr/bin/cmake -E cmake_link_script CMakeFiles/cmTC_088df.dir/link.txt --verbose=1
/usr/bin/cc  -DCHECK_FUNCTION_EXISTS=pthread_create    -rdynamic CMakeFiles/cmTC_088df.dir/CheckFunctionExists.c.o  -o cmTC_088df  -lpthreads 
/usr/bin/ld: cannot find -lpthreads
collect2: error: ld returned 1 exit status
make[1]: *** [CMakeFiles/cmTC_088df.dir/build.make:87: cmTC_088df] Error 1
make[1]: Leaving directory '/home/joshua/weldingrobot/build/CMakeFiles/CMakeTmp'
make: *** [Makefile:121: cmTC_088df/fast] Error 2



Performing C SOURCE FILE Test CMAKE_HAVE_LIBC_PTHREAD failed with the following output:
Change Dir: /home/joshua/weldingrobot/build/CMakeFiles/CMakeTmp

Run Build Command(s):/usr/bin/make cmTC_e7217/fast && /usr/bin/make -f CMakeFiles/cmTC_e7217.dir/build.make CMakeFiles/cmTC_e7217.dir/build
make[1]: Entering directory '/home/joshua/weldingrobot/build/CMakeFiles/CMakeTmp'
Building C object CMakeFiles/cmTC_e7217.dir/src.c.o
/usr/bin/cc   -DCMAKE_HAVE_LIBC_PTHREAD   -o CMakeFiles/cmTC_e7217.dir/src.c.o   -c /home/joshua/weldingrobot/build/CMakeFiles/CMakeTmp/src.c
Linking C executable cmTC_e7217
/usr/bin/cmake -E cmake_link_script CMakeFiles/cmTC_e7217.dir/link.txt --verbose=1
/usr/bin/cc  -DCMAKE_HAVE_LIBC_PTHREAD    -rdynamic CMakeFiles/cmTC_e7217.dir/src.c.o  -o cmTC_e7217 
/usr/bin/ld: CMakeFiles/cmTC_e7217.dir/src.c.o: in function `main':
src.c:(.text+0x46): undefined reference to `pthread_create'
/usr/bin/ld: src.c:(.text+0x52): undefined reference to `pthread_detach'
/usr/bin/ld: src.c:(.text+0x63): undefined reference to `pthread_join'
collect2: error: ld returned 1 exit status
make[1]: *** [CMakeFiles/cmTC_e7217.dir/build.make:87: cmTC_e7217] Error 1
make[1]: Leaving directory '/home/joshua/weldingrobot/build/CMakeFiles/CMakeTmp'
make: *** [Makefile:121: cmTC_e7217/fast] Error 2


Source file was:
#include <pthread.h>

void* test_func(void* data)
{
  return data;
}

int main(void)
{
  pthread_t thread;
  pthread_create(&thread, NULL, test_func, NULL);
  pthread_detach(thread);
  pthread_join(thread, NULL);
  pthread_atfork(NULL, NULL, NULL);
  pthread_exit(NULL);

  return 0;
}

Determining if the function pthread_create exists in the pthreads failed with the following output:
Change Dir: /home/joshua/weldingrobot/build/CMakeFiles/CMakeTmp

Run Build Command(s):/usr/bin/make cmTC_67bed/fast && /usr/bin/make -f CMakeFiles/cmTC_67bed.dir/build.make CMakeFiles/cmTC_67bed.dir/build
make[1]: Entering directory '/home/joshua/weldingrobot/build/CMakeFiles/CMakeTmp'
Building C object CMakeFiles/cmTC_67bed.dir/CheckFunctionExists.c.o
/usr/bin/cc   -DCHECK_FUNCTION_EXISTS=pthread_create   -o CMakeFiles/cmTC_67bed.dir/CheckFunctionExists.c.o   -c /usr/share/cmake-3.16/Modules/CheckFunctionExists.c
Linking C executable cmTC_67bed
/usr/bin/cmake -E cmake_link_script CMakeFiles/cmTC_67bed.dir/link.txt --verbose=1
/usr/bin/cc  -DCHECK_FUNCTION_EXISTS=pthread_create    -rdynamic CMakeFiles/cmTC_67bed.dir/CheckFunctionExists.c.o  -o cmTC_67bed  -lpthreads 
/usr/bin/ld: cannot find -lpthreads
collect2: error: ld returned 1 exit status
make[1]: *** [CMakeFiles/cmTC_67bed.dir/build.make:87: cmTC_67bed] Error 1
make[1]: Leaving directory '/home/joshua/weldingrobot/build/CMakeFiles/CMakeTmp'
make: *** [Makefile:121: cmTC_67bed/fast] Error 2



Performing C SOURCE FILE Test CMAKE_HAVE_LIBC_PTHREAD failed with the following output:
Change Dir: /home/joshua/weldingrobot/build/CMakeFiles/CMakeTmp

Run Build Command(s):/usr/bin/make cmTC_c0b30/fast && /usr/bin/make -f CMakeFiles/cmTC_c0b30.dir/build.make CMakeFiles/cmTC_c0b30.dir/build
make[1]: Entering directory '/home/joshua/weldingrobot/build/CMakeFiles/CMakeTmp'
Building C object CMakeFiles/cmTC_c0b30.dir/src.c.o
/usr/bin/cc   -DCMAKE_HAVE_LIBC_PTHREAD   -o CMakeFiles/cmTC_c0b30.dir/src.c.o   -c /home/joshua/weldingrobot/build/CMakeFiles/CMakeTmp/src.c
Linking C executable cmTC_c0b30
/usr/bin/cmake -E cmake_link_script CMakeFiles/cmTC_c0b30.dir/link.txt --verbose=1
/usr/bin/cc  -DCMAKE_HAVE_LIBC_PTHREAD    -rdynamic CMakeFiles/cmTC_c0b30.dir/src.c.o  -o cmTC_c0b30 
/usr/bin/ld: CMakeFiles/cmTC_c0b30.dir/src.c.o: in function `main':
src.c:(.text+0x46): undefined reference to `pthread_create'
/usr/bin/ld: src.c:(.text+0x52): undefined reference to `pthread_detach'
/usr/bin/ld: src.c:(.text+0x63): undefined reference to `pthread_join'
collect2: error: ld returned 1 exit status
make[1]: *** [CMakeFiles/cmTC_c0b30.dir/build.make:87: cmTC_c0b30] Error 1
make[1]: Leaving directory '/home/joshua/weldingrobot/build/CMakeFiles/CMakeTmp'
make: *** [Makefile:121: cmTC_c0b30/fast] Error 2


Source file was:
#include <pthread.h>

void* test_func(void* data)
{
  return data;
}

int main(void)
{
  pthread_t thread;
  pthread_create(&thread, NULL, test_func, NULL);
  pthread_detach(thread);
  pthread_join(thread, NULL);
  pthread_atfork(NULL, NULL, NULL);
  pthread_exit(NULL);

  return 0;
}

Determining if the function pthread_create exists in the pthreads failed with the following output:
Change Dir: /home/joshua/weldingrobot/build/CMakeFiles/CMakeTmp

Run Build Command(s):/usr/bin/make cmTC_7af7f/fast && /usr/bin/make -f CMakeFiles/cmTC_7af7f.dir/build.make CMakeFiles/cmTC_7af7f.dir/build
make[1]: Entering directory '/home/joshua/weldingrobot/build/CMakeFiles/CMakeTmp'
Building C object CMakeFiles/cmTC_7af7f.dir/CheckFunctionExists.c.o
/usr/bin/cc   -DCHECK_FUNCTION_EXISTS=pthread_create   -o CMakeFiles/cmTC_7af7f.dir/CheckFunctionExists.c.o   -c /usr/share/cmake-3.16/Modules/CheckFunctionExists.c
Linking C executable cmTC_7af7f
/usr/bin/cmake -E cmake_link_script CMakeFiles/cmTC_7af7f.dir/link.txt --verbose=1
/usr/bin/cc  -DCHECK_FUNCTION_EXISTS=pthread_create    -rdynamic CMakeFiles/cmTC_7af7f.dir/CheckFunctionExists.c.o  -o cmTC_7af7f  -lpthreads 
/usr/bin/ld: cannot find -lpthreads
collect2: error: ld returned 1 exit status
make[1]: *** [CMakeFiles/cmTC_7af7f.dir/build.make:87: cmTC_7af7f] Error 1
make[1]: Leaving directory '/home/joshua/weldingrobot/build/CMakeFiles/CMakeTmp'
make: *** [Makefile:121: cmTC_7af7f/fast] Error 2



Performing C SOURCE FILE Test CMAKE_HAVE_LIBC_PTHREAD failed with the following output:
Change Dir: /home/joshua/weldingrobot/build/CMakeFiles/CMakeTmp

Run Build Command(s):/usr/bin/make cmTC_453d3/fast && /usr/bin/make -f CMakeFiles/cmTC_453d3.dir/build.make CMakeFiles/cmTC_453d3.dir/build
make[1]: Entering directory '/home/joshua/weldingrobot/build/CMakeFiles/CMakeTmp'
Building C object CMakeFiles/cmTC_453d3.dir/src.c.o
/usr/bin/cc   -DCMAKE_HAVE_LIBC_PTHREAD   -o CMakeFiles/cmTC_453d3.dir/src.c.o   -c /home/joshua/weldingrobot/build/CMakeFiles/CMakeTmp/src.c
Linking C executable cmTC_453d3
/usr/bin/cmake -E cmake_link_script CMakeFiles/cmTC_453d3.dir/link.txt --verbose=1
/usr/bin/cc  -DCMAKE_HAVE_LIBC_PTHREAD    -rdynamic CMakeFiles/cmTC_453d3.dir/src.c.o  -o cmTC_453d3 
/usr/bin/ld: CMakeFiles/cmTC_453d3.dir/src.c.o: in function `main':
src.c:(.text+0x46): undefined reference to `pthread_create'
/usr/bin/ld: src.c:(.text+0x52): undefined reference to `pthread_detach'
/usr/bin/ld: src.c:(.text+0x63): undefined reference to `pthread_join'
collect2: error: ld returned 1 exit status
make[1]: *** [CMakeFiles/cmTC_453d3.dir/build.make:87: cmTC_453d3] Error 1
make[1]: Leaving directory '/home/joshua/weldingrobot/build/CMakeFiles/CMakeTmp'
make: *** [Makefile:121: cmTC_453d3/fast] Error 2


Source file was:
#include <pthread.h>

void* test_func(void* data)
{
  return data;
}

int main(void)
{
  pthread_t thread;
  pthread_create(&thread, NULL, test_func, NULL);
  pthread_detach(thread);
  pthread_join(thread, NULL);
  pthread_atfork(NULL, NULL, NULL);
  pthread_exit(NULL);

  return 0;
}

Determining if the function pthread_create exists in the pthreads failed with the following output:
Change Dir: /home/joshua/weldingrobot/build/CMakeFiles/CMakeTmp

Run Build Command(s):/usr/bin/make cmTC_b6186/fast && /usr/bin/make -f CMakeFiles/cmTC_b6186.dir/build.make CMakeFiles/cmTC_b6186.dir/build
make[1]: Entering directory '/home/joshua/weldingrobot/build/CMakeFiles/CMakeTmp'
Building C object CMakeFiles/cmTC_b6186.dir/CheckFunctionExists.c.o
/usr/bin/cc   -DCHECK_FUNCTION_EXISTS=pthread_create   -o CMakeFiles/cmTC_b6186.dir/CheckFunctionExists.c.o   -c /usr/share/cmake-3.16/Modules/CheckFunctionExists.c
Linking C executable cmTC_b6186
/usr/bin/cmake -E cmake_link_script CMakeFiles/cmTC_b6186.dir/link.txt --verbose=1
/usr/bin/cc  -DCHECK_FUNCTION_EXISTS=pthread_create    -rdynamic CMakeFiles/cmTC_b6186.dir/CheckFunctionExists.c.o  -o cmTC_b6186  -lpthreads 
/usr/bin/ld: cannot find -lpthreads
collect2: error: ld returned 1 exit status
make[1]: *** [CMakeFiles/cmTC_b6186.dir/build.make:87: cmTC_b6186] Error 1
make[1]: Leaving directory '/home/joshua/weldingrobot/build/CMakeFiles/CMakeTmp'
make: *** [Makefile:121: cmTC_b6186/fast] Error 2



Performing C SOURCE FILE Test CMAKE_HAVE_LIBC_PTHREAD failed with the following output:
Change Dir: /home/joshua/weldingrobot/build/CMakeFiles/CMakeTmp

Run Build Command(s):/usr/bin/make cmTC_47526/fast && /usr/bin/make -f CMakeFiles/cmTC_47526.dir/build.make CMakeFiles/cmTC_47526.dir/build
make[1]: Entering directory '/home/joshua/weldingrobot/build/CMakeFiles/CMakeTmp'
Building C object CMakeFiles/cmTC_47526.dir/src.c.o
/usr/bin/cc   -DCMAKE_HAVE_LIBC_PTHREAD   -o CMakeFiles/cmTC_47526.dir/src.c.o   -c /home/joshua/weldingrobot/build/CMakeFiles/CMakeTmp/src.c
Linking C executable cmTC_47526
/usr/bin/cmake -E cmake_link_script CMakeFiles/cmTC_47526.dir/link.txt --verbose=1
/usr/bin/cc  -DCMAKE_HAVE_LIBC_PTHREAD    -rdynamic CMakeFiles/cmTC_47526.dir/src.c.o  -o cmTC_47526 
/usr/bin/ld: CMakeFiles/cmTC_47526.dir/src.c.o: in function `main':
src.c:(.text+0x46): undefined reference to `pthread_create'
/usr/bin/ld: src.c:(.text+0x52): undefined reference to `pthread_detach'
/usr/bin/ld: src.c:(.text+0x63): undefined reference to `pthread_join'
collect2: error: ld returned 1 exit status
make[1]: *** [CMakeFiles/cmTC_47526.dir/build.make:87: cmTC_47526] Error 1
make[1]: Leaving directory '/home/joshua/weldingrobot/build/CMakeFiles/CMakeTmp'
make: *** [Makefile:121: cmTC_47526/fast] Error 2


Source file was:
#include <pthread.h>

void* test_func(void* data)
{
  return data;
}

int main(void)
{
  pthread_t thread;
  pthread_create(&thread, NULL, test_func, NULL);
  pthread_detach(thread);
  pthread_join(thread, NULL);
  pthread_atfork(NULL, NULL, NULL);
  pthread_exit(NULL);

  return 0;
}

Determining if the function pthread_create exists in the pthreads failed with the following output:
Change Dir: /home/joshua/weldingrobot/build/CMakeFiles/CMakeTmp

Run Build Command(s):/usr/bin/make cmTC_878a7/fast && /usr/bin/make -f CMakeFiles/cmTC_878a7.dir/build.make CMakeFiles/cmTC_878a7.dir/build
make[1]: Entering directory '/home/joshua/weldingrobot/build/CMakeFiles/CMakeTmp'
Building C object CMakeFiles/cmTC_878a7.dir/CheckFunctionExists.c.o
/usr/bin/cc   -DCHECK_FUNCTION_EXISTS=pthread_create   -o CMakeFiles/cmTC_878a7.dir/CheckFunctionExists.c.o   -c /usr/share/cmake-3.16/Modules/CheckFunctionExists.c
Linking C executable cmTC_878a7
/usr/bin/cmake -E cmake_link_script CMakeFiles/cmTC_878a7.dir/link.txt --verbose=1
/usr/bin/cc  -DCHECK_FUNCTION_EXISTS=pthread_create    -rdynamic CMakeFiles/cmTC_878a7.dir/CheckFunctionExists.c.o  -o cmTC_878a7  -lpthreads 
/usr/bin/ld: cannot find -lpthreads
collect2: error: ld returned 1 exit status
make[1]: *** [CMakeFiles/cmTC_878a7.dir/build.make:87: cmTC_878a7] Error 1
make[1]: Leaving directory '/home/joshua/weldingrobot/build/CMakeFiles/CMakeTmp'
make: *** [Makefile:121: cmTC_878a7/fast] Error 2



